TN:
SF:app.js
FNF:0
FNH:0
DA:1,1
DA:2,1
DA:3,1
DA:5,1
DA:6,1
DA:7,1
DA:9,1
DA:10,1
DA:11,1
DA:13,1
DA:14,1
DA:16,1
LF:12
LH:12
BRF:0
BRH:0
end_of_record
TN:
SF:controllers/index.js
FNF:0
FNH:0
DA:1,1
DA:2,1
DA:4,1
LF:3
LH:3
BRF:0
BRH:0
end_of_record
TN:
SF:controllers/orderController.js
FN:10,(anonymous_0)
FN:79,(anonymous_1)
FN:96,(anonymous_2)
FNF:3
FNH:3
FNDA:7,(anonymous_0)
FNDA:1,(anonymous_1)
FNDA:2,(anonymous_2)
DA:7,1
DA:11,7
DA:12,7
DA:13,7
DA:15,7
DA:18,6
DA:24,5
DA:33,5
DA:35,5
DA:37,5
DA:39,5
DA:40,4
DA:43,4
DA:44,3
DA:46,2
DA:52,2
DA:56,2
DA:61,2
DA:66,2
DA:67,2
DA:73,5
DA:74,5
DA:80,1
DA:92,1
DA:97,2
DA:98,2
DA:99,2
DA:110,2
DA:111,1
DA:113,1
DA:118,1
LF:31
LH:31
BRDA:15,0,0,1
BRDA:15,0,1,6
BRDA:39,1,0,1
BRDA:39,1,1,4
BRDA:43,2,0,1
BRDA:43,2,1,3
BRDA:44,3,0,1
BRDA:44,3,1,2
BRDA:110,4,0,1
BRDA:110,4,1,1
BRF:10
BRH:10
end_of_record
TN:
SF:controllers/productController.js
FN:5,(anonymous_0)
FN:29,(anonymous_1)
FN:37,(anonymous_2)
FN:53,(anonymous_3)
FN:85,(anonymous_4)
FNF:5
FNH:5
FNDA:5,(anonymous_0)
FNDA:1,(anonymous_1)
FNDA:2,(anonymous_2)
FNDA:2,(anonymous_3)
FNDA:2,(anonymous_4)
DA:1,1
DA:6,5
DA:8,5
DA:10,5
DA:12,5
DA:19,1
DA:24,4
DA:31,1
DA:33,1
DA:38,2
DA:40,2
DA:42,2
DA:44,2
DA:46,1
DA:48,1
DA:54,2
DA:56,2
DA:58,2
DA:60,2
DA:74,2
DA:76,1
DA:80,1
DA:86,2
DA:88,2
DA:90,2
DA:96,2
DA:97,2
DA:99,1
DA:103,1
DA:108,1
LF:30
LH:30
BRDA:44,0,0,1
BRDA:44,0,1,1
BRDA:74,1,0,1
BRDA:74,1,1,1
BRDA:97,2,0,1
BRDA:97,2,1,1
BRF:6
BRH:6
end_of_record
TN:
SF:libs/create.js
FN:3,(anonymous_0)
FNF:1
FNH:1
FNDA:9,(anonymous_0)
DA:1,1
DA:3,1
DA:4,9
DA:11,9
DA:14,1
LF:5
LH:5
BRF:0
BRH:0
end_of_record
TN:
SF:libs/destroy.js
FN:3,(anonymous_0)
FN:11,(anonymous_1)
FN:18,(anonymous_2)
FN:25,(anonymous_3)
FNF:4
FNH:4
FNDA:1,(anonymous_0)
FNDA:1,(anonymous_1)
FNDA:1,(anonymous_2)
FNDA:1,(anonymous_3)
DA:1,1
DA:3,1
DA:4,1
DA:11,1
DA:12,1
DA:18,1
DA:19,1
DA:25,1
DA:26,1
DA:33,1
LF:10
LH:10
BRF:0
BRH:0
end_of_record
TN:
SF:middlewares/errorHandler.js
FN:1,(anonymous_0)
FNF:1
FNH:1
FNDA:13,(anonymous_0)
DA:1,1
DA:2,13
DA:3,13
DA:5,13
DA:7,5
DA:8,5
DA:9,5
DA:12,5
DA:13,5
DA:14,5
DA:17,1
DA:18,1
DA:19,1
DA:22,1
DA:23,1
DA:24,1
DA:27,1
DA:28,1
DA:29,1
DA:33,13
DA:36,1
LF:21
LH:21
BRDA:5,0,0,5
BRDA:5,0,1,5
BRDA:5,0,2,1
BRDA:5,0,3,1
BRDA:5,0,4,1
BRF:5
BRH:5
end_of_record
TN:
SF:middlewares/index.js
FNF:0
FNH:0
DA:1,1
DA:3,1
LF:2
LH:2
BRF:0
BRH:0
end_of_record
TN:
SF:models/customer.js
FN:3,(anonymous_0)
FN:10,(anonymous_1)
FNF:2
FNH:2
FNDA:1,(anonymous_0)
FNDA:1,(anonymous_1)
DA:2,1
DA:3,1
DA:12,1
DA:15,1
DA:35,1
LF:5
LH:5
BRF:0
BRH:0
end_of_record
TN:
SF:models/index.js
FN:25,(anonymous_0)
FN:33,(anonymous_1)
FN:41,(anonymous_2)
FNF:3
FNH:3
FNDA:5,(anonymous_0)
FNDA:4,(anonymous_1)
FNDA:4,(anonymous_2)
DA:3,1
DA:4,1
DA:5,1
DA:6,1
DA:7,1
DA:8,1
DA:9,1
DA:10,1
DA:13,1
DA:14,0
DA:16,1
DA:24,1
DA:26,5
DA:34,4
DA:38,4
DA:41,1
DA:42,4
DA:43,4
DA:47,1
DA:48,1
DA:50,1
LF:21
LH:20
BRDA:8,0,0,1
BRDA:8,0,1,0
BRDA:13,1,0,0
BRDA:13,1,1,1
BRDA:27,2,0,5
BRDA:27,2,1,5
BRDA:27,2,2,4
BRDA:27,2,3,4
BRDA:42,3,0,4
BRDA:42,3,1,0
BRF:10
BRH:7
end_of_record
TN:
SF:models/order.js
FN:3,(anonymous_0)
FN:10,(anonymous_1)
FNF:2
FNH:2
FNDA:1,(anonymous_0)
FNDA:1,(anonymous_1)
DA:2,1
DA:3,1
DA:12,1
DA:13,1
DA:16,1
DA:26,1
LF:6
LH:6
BRF:0
BRH:0
end_of_record
TN:
SF:models/product.js
FN:3,(anonymous_0)
FN:10,(anonymous_1)
FNF:2
FNH:2
FNDA:1,(anonymous_0)
FNDA:1,(anonymous_1)
DA:2,1
DA:3,1
DA:12,1
DA:15,1
DA:71,1
LF:5
LH:5
BRF:0
BRH:0
end_of_record
TN:
SF:models/productorder.js
FN:3,(anonymous_0)
FN:10,(anonymous_1)
FNF:2
FNH:2
FNDA:1,(anonymous_0)
FNDA:1,(anonymous_1)
DA:2,1
DA:3,1
DA:12,1
DA:13,1
DA:16,1
DA:61,1
LF:6
LH:6
BRF:0
BRH:0
end_of_record
TN:
SF:routers/index.js
FNF:0
FNH:0
DA:1,1
DA:2,1
DA:3,1
DA:4,1
DA:6,1
DA:7,1
DA:9,1
LF:7
LH:7
BRF:0
BRH:0
end_of_record
TN:
SF:routers/orders.js
FNF:0
FNH:0
DA:1,1
DA:2,1
DA:3,1
DA:5,1
DA:6,1
DA:7,1
DA:9,1
LF:7
LH:7
BRF:0
BRH:0
end_of_record
TN:
SF:routers/products.js
FNF:0
FNH:0
DA:1,1
DA:2,1
DA:3,1
DA:5,1
DA:6,1
DA:7,1
DA:8,1
DA:9,1
DA:11,1
LF:9
LH:9
BRF:0
BRH:0
end_of_record
